
================================================================================
SCAN START  symbol=SOLUSD  strategy=EMA_CROSS  at=2026-03-17T11:15:33+05:30
================================================================================
[0022] 2026-03-17T01:50:00+05:30  O=95.428 H=95.618 L=95.428 C=95.507  EMA9=95.2829  EMA21=95.0466
        ema9_vs_ema21        EMA9=95.2829 EMA21=95.0466 crossUp=false crossDown=false
[0023] 2026-03-17T01:55:00+05:30  O=95.497 H=95.898 L=95.487 C=95.7362  EMA9=95.3735  EMA21=95.1093
        ema9_vs_ema21        EMA9=95.3735 EMA21=95.1093 crossUp=false crossDown=false
[0024] 2026-03-17T02:00:00+05:30  O=95.697 H=95.99 L=95.697 C=95.937  EMA9=95.4862  EMA21=95.1845
        ema9_vs_ema21        EMA9=95.4862 EMA21=95.1845 crossUp=false crossDown=false
[0025] 2026-03-17T02:05:00+05:30  O=95.938 H=95.988 L=95.737 C=95.948  EMA9=95.5786  EMA21=95.2539
        ema9_vs_ema21        EMA9=95.5786 EMA21=95.2539 crossUp=false crossDown=false
[0026] 2026-03-17T02:10:00+05:30  O=95.907 H=95.948 L=95.547 C=95.558  EMA9=95.5745  EMA21=95.2816
        ema9_vs_ema21        EMA9=95.5745 EMA21=95.2816 crossUp=false crossDown=false
[0027] 2026-03-17T02:15:00+05:30  O=95.547 H=95.661 L=95.467 C=95.517  EMA9=95.5630  EMA21=95.3030
        ema9_vs_ema21        EMA9=95.5630 EMA21=95.3030 crossUp=false crossDown=false
[0028] 2026-03-17T02:20:00+05:30  O=95.537 H=95.8655 L=95.537 C=95.8655  EMA9=95.6235  EMA21=95.3541
        ema9_vs_ema21        EMA9=95.6235 EMA21=95.3541 crossUp=false crossDown=false
[0029] 2026-03-17T02:25:00+05:30  O=95.868 H=95.9615 L=95.788 C=95.788  EMA9=95.6564  EMA21=95.3936
        ema9_vs_ema21        EMA9=95.6564 EMA21=95.3936 crossUp=false crossDown=false
[0030] 2026-03-17T02:30:00+05:30  O=95.7025 H=96.01 L=95.577 C=95.917  EMA9=95.7085  EMA21=95.4411
        ema9_vs_ema21        EMA9=95.7085 EMA21=95.4411 crossUp=false crossDown=false
[0031] 2026-03-17T02:35:00+05:30  O=95.938 H=95.94 L=95.487 C=95.728  EMA9=95.7124  EMA21=95.4672
        ema9_vs_ema21        EMA9=95.7124 EMA21=95.4672 crossUp=false crossDown=false
[0032] 2026-03-17T02:40:00+05:30  O=95.727 H=96.16 L=95.727 C=95.887  EMA9=95.7473  EMA21=95.5054
        ema9_vs_ema21        EMA9=95.7473 EMA21=95.5054 crossUp=false crossDown=false
[0033] 2026-03-17T02:45:00+05:30  O=95.898 H=96.149 L=95.897 C=95.987  EMA9=95.7953  EMA21=95.5492
        ema9_vs_ema21        EMA9=95.7953 EMA21=95.5492 crossUp=false crossDown=false
[0034] 2026-03-17T02:50:00+05:30  O=95.997 H=96.129 L=95.837 C=95.977  EMA9=95.8316  EMA21=95.5881
        ema9_vs_ema21        EMA9=95.8316 EMA21=95.5881 crossUp=false crossDown=false
[0035] 2026-03-17T02:55:00+05:30  O=95.988 H=95.988 L=95.6696 C=95.798  EMA9=95.8249  EMA21=95.6071
        ema9_vs_ema21        EMA9=95.8249 EMA21=95.6071 crossUp=false crossDown=false
[0036] 2026-03-17T03:00:00+05:30  O=95.787 H=96.129 L=95.727 C=96.078  EMA9=95.8755  EMA21=95.6499
        ema9_vs_ema21        EMA9=95.8755 EMA21=95.6499 crossUp=false crossDown=false
[0037] 2026-03-17T03:05:00+05:30  O=96.098 H=96.878 L=95.997 C=96.448  EMA9=95.9900  EMA21=95.7225
        ema9_vs_ema21        EMA9=95.9900 EMA21=95.7225 crossUp=false crossDown=false
[0038] 2026-03-17T03:10:00+05:30  O=96.538 H=96.549 L=96.115 C=96.38  EMA9=96.0680  EMA21=95.7823
        ema9_vs_ema21        EMA9=96.0680 EMA21=95.7823 crossUp=false crossDown=false
[0039] 2026-03-17T03:15:00+05:30  O=96.418 H=96.699 L=96.418 C=96.669  EMA9=96.1882  EMA21=95.8629
        ema9_vs_ema21        EMA9=96.1882 EMA21=95.8629 crossUp=false crossDown=false
[0040] 2026-03-17T03:20:00+05:30  O=96.662 H=96.839 L=96.518 C=96.558  EMA9=96.2622  EMA21=95.9261
        ema9_vs_ema21        EMA9=96.2622 EMA21=95.9261 crossUp=false crossDown=false
[0041] 2026-03-17T03:25:00+05:30  O=96.588 H=96.588 L=96.178 C=96.178  EMA9=96.2453  EMA21=95.9490
        ema9_vs_ema21        EMA9=96.2453 EMA21=95.9490 crossUp=false crossDown=false
[0042] 2026-03-17T03:30:00+05:30  O=96.179 H=96.819 L=96.179 C=96.759  EMA9=96.3481  EMA21=96.0226
        ema9_vs_ema21        EMA9=96.3481 EMA21=96.0226 crossUp=false crossDown=false
[0043] 2026-03-17T03:35:00+05:30  O=96.829 H=97.7 L=96.797 C=97.448  EMA9=96.5681  EMA21=96.1522
        ema9_vs_ema21        EMA9=96.5681 EMA21=96.1522 crossUp=false crossDown=false
[0044] 2026-03-17T03:40:00+05:30  O=97.589 H=97.618 L=97.188 C=97.299  EMA9=96.7142  EMA21=96.2565
        ema9_vs_ema21        EMA9=96.7142 EMA21=96.2565 crossUp=false crossDown=false
[0045] 2026-03-17T03:45:00+05:30  O=97.3 H=97.3607 L=96.968 C=97.099  EMA9=96.7912  EMA21=96.3330
        ema9_vs_ema21        EMA9=96.7912 EMA21=96.3330 crossUp=false crossDown=false
[0046] 2026-03-17T03:50:00+05:30  O=97.099 H=97.099 L=96.568 C=96.639  EMA9=96.7608  EMA21=96.3609
        ema9_vs_ema21        EMA9=96.7608 EMA21=96.3609 crossUp=false crossDown=false
[0047] 2026-03-17T03:55:00+05:30  O=96.618 H=96.689 L=96.2298 C=96.499  EMA9=96.7084  EMA21=96.3734
        ema9_vs_ema21        EMA9=96.7084 EMA21=96.3734 crossUp=false crossDown=false
[0048] 2026-03-17T04:00:00+05:30  O=96.499 H=96.719 L=96.479 C=96.608  EMA9=96.6883  EMA21=96.3947
        ema9_vs_ema21        EMA9=96.6883 EMA21=96.3947 crossUp=false crossDown=false
[0049] 2026-03-17T04:05:00+05:30  O=96.618 H=96.779 L=96.618 C=96.758  EMA9=96.7023  EMA21=96.4278
        ema9_vs_ema21        EMA9=96.7023 EMA21=96.4278 crossUp=false crossDown=false
[0050] 2026-03-17T04:10:00+05:30  O=96.759 H=96.759 L=96.588 C=96.749  EMA9=96.7116  EMA21=96.4570
        ema9_vs_ema21        EMA9=96.7116 EMA21=96.4570 crossUp=false crossDown=false
[0051] 2026-03-17T04:15:00+05:30  O=96.708 H=96.909 L=96.638 C=96.708  EMA9=96.7109  EMA21=96.4798
        ema9_vs_ema21        EMA9=96.7109 EMA21=96.4798 crossUp=false crossDown=false
[0052] 2026-03-17T04:20:00+05:30  O=96.698 H=96.749 L=96.228 C=96.279  EMA9=96.6245  EMA21=96.4615
        ema9_vs_ema21        EMA9=96.6245 EMA21=96.4615 crossUp=false crossDown=false
[0053] 2026-03-17T04:25:00+05:30  O=96.279 H=96.379 L=96.198 C=96.379  EMA9=96.5754  EMA21=96.4540
        ema9_vs_ema21        EMA9=96.5754 EMA21=96.4540 crossUp=false crossDown=false
[0054] 2026-03-17T04:30:00+05:30  O=96.379 H=96.379 L=95.777 C=95.797  EMA9=96.4197  EMA21=96.3943
        ema9_vs_ema21        EMA9=96.4197 EMA21=96.3943 crossUp=false crossDown=false
[0055] 2026-03-17T04:35:00+05:30  O=95.807 H=95.968 L=95.437 C=95.528  EMA9=96.2414  EMA21=96.3155
        ema9_vs_ema21        EMA9=96.2414 EMA21=96.3155 crossUp=false crossDown=true
        >>> SIGNAL: SELL – EMA9 (96.24) crossed below EMA21 (96.32)
[0056] 2026-03-17T04:40:00+05:30  O=95.477 H=95.728 L=95.437 C=95.698  EMA9=96.1327  EMA21=96.2594
        ema9_vs_ema21        EMA9=96.1327 EMA21=96.2594 crossUp=false crossDown=false
[0057] 2026-03-17T04:45:00+05:30  O=95.7171 H=95.868 L=95.667 C=95.708  EMA9=96.0478  EMA21=96.2093
        ema9_vs_ema21        EMA9=96.0478 EMA21=96.2093 crossUp=false crossDown=false
[0058] 2026-03-17T04:50:00+05:30  O=95.638 H=95.777 L=95.607 C=95.727  EMA9=95.9836  EMA21=96.1654
        ema9_vs_ema21        EMA9=95.9836 EMA21=96.1654 crossUp=false crossDown=false
[0059] 2026-03-17T04:55:00+05:30  O=95.738 H=95.988 L=95.738 C=95.968  EMA9=95.9805  EMA21=96.1475
        ema9_vs_ema21        EMA9=95.9805 EMA21=96.1475 crossUp=false crossDown=false
[0060] 2026-03-17T05:00:00+05:30  O=95.958 H=96.135 L=95.927 C=96.018  EMA9=95.9880  EMA21=96.1357
        ema9_vs_ema21        EMA9=95.9880 EMA21=96.1357 crossUp=false crossDown=false
[0061] 2026-03-17T05:05:00+05:30  O=95.997 H=96.099 L=95.957 C=96.008  EMA9=95.9920  EMA21=96.1241
        ema9_vs_ema21        EMA9=95.9920 EMA21=96.1241 crossUp=false crossDown=false
[0062] 2026-03-17T05:10:00+05:30  O=96.037 H=96.339 L=96.017 C=96.339  EMA9=96.0614  EMA21=96.1436
        ema9_vs_ema21        EMA9=96.0614 EMA21=96.1436 crossUp=false crossDown=false
[0063] 2026-03-17T05:15:00+05:30  O=96.38 H=96.469 L=96.259 C=96.308  EMA9=96.1107  EMA21=96.1586
        ema9_vs_ema21        EMA9=96.1107 EMA21=96.1586 crossUp=false crossDown=false
[0064] 2026-03-17T05:20:00+05:30  O=96.339 H=96.359 L=95.986 C=96.158  EMA9=96.1202  EMA21=96.1585
        ema9_vs_ema21        EMA9=96.1202 EMA21=96.1585 crossUp=false crossDown=false
[0065] 2026-03-17T05:25:00+05:30  O=96.158 H=96.259 L=96.118 C=96.199  EMA9=96.1359  EMA21=96.1622
        ema9_vs_ema21        EMA9=96.1359 EMA21=96.1622 crossUp=false crossDown=false
[0066] 2026-03-17T05:30:00+05:30  O=96.148 H=96.148 L=95.727 C=95.837  EMA9=96.0762  EMA21=96.1326
        ema9_vs_ema21        EMA9=96.0762 EMA21=96.1326 crossUp=false crossDown=false
[0067] 2026-03-17T05:35:00+05:30  O=95.938 H=96.299 L=95.917 C=96.128  EMA9=96.0865  EMA21=96.1322
        ema9_vs_ema21        EMA9=96.0865 EMA21=96.1322 crossUp=false crossDown=false
[0068] 2026-03-17T05:40:00+05:30  O=96.279 H=96.946 L=96.258 C=96.758  EMA9=96.2208  EMA21=96.1891
        ema9_vs_ema21        EMA9=96.2208 EMA21=96.1891 crossUp=true crossDown=false
        >>> SIGNAL: BUY – EMA9 (96.22) crossed above EMA21 (96.19)
[0069] 2026-03-17T05:45:00+05:30  O=96.719 H=96.799 L=95.987 C=96.088  EMA9=96.1943  EMA21=96.1799
        ema9_vs_ema21        EMA9=96.1943 EMA21=96.1799 crossUp=false crossDown=false
[0070] 2026-03-17T05:50:00+05:30  O=96.017 H=96.028 L=95.472 C=95.527  EMA9=96.0608  EMA21=96.1206
        ema9_vs_ema21        EMA9=96.0608 EMA21=96.1206 crossUp=false crossDown=true
        >>> SIGNAL: SELL – EMA9 (96.06) crossed below EMA21 (96.12)
[0071] 2026-03-17T05:55:00+05:30  O=95.508 H=95.751 L=95.357 C=95.748  EMA9=95.9982  EMA21=96.0867
        ema9_vs_ema21        EMA9=95.9982 EMA21=96.0867 crossUp=false crossDown=false
[0072] 2026-03-17T06:00:00+05:30  O=95.808 H=96.099 L=95.687 C=95.858  EMA9=95.9702  EMA21=96.0659
        ema9_vs_ema21        EMA9=95.9702 EMA21=96.0659 crossUp=false crossDown=false
[0073] 2026-03-17T06:05:00+05:30  O=95.888 H=95.977 L=95.485 C=95.527  EMA9=95.8816  EMA21=96.0169
        ema9_vs_ema21        EMA9=95.8816 EMA21=96.0169 crossUp=false crossDown=false
[0074] 2026-03-17T06:10:00+05:30  O=95.517 H=95.588 L=95.357 C=95.498  EMA9=95.8048  EMA21=95.9697
        ema9_vs_ema21        EMA9=95.8048 EMA21=95.9697 crossUp=false crossDown=false
[0075] 2026-03-17T06:15:00+05:30  O=95.487 H=95.701 L=95.477 C=95.587  EMA9=95.7613  EMA21=95.9349
        ema9_vs_ema21        EMA9=95.7613 EMA21=95.9349 crossUp=false crossDown=false
[0076] 2026-03-17T06:20:00+05:30  O=95.537 H=95.558 L=95.167 C=95.238  EMA9=95.6566  EMA21=95.8716
        ema9_vs_ema21        EMA9=95.6566 EMA21=95.8716 crossUp=false crossDown=false
[0077] 2026-03-17T06:25:00+05:30  O=95.238 H=95.5079 L=95.136 C=95.507  EMA9=95.6267  EMA21=95.8384
        ema9_vs_ema21        EMA9=95.6267 EMA21=95.8384 crossUp=false crossDown=false
[0078] 2026-03-17T06:30:00+05:30  O=95.477 H=95.6 L=95.007 C=95.027  EMA9=95.5068  EMA21=95.7647
        ema9_vs_ema21        EMA9=95.5068 EMA21=95.7647 crossUp=false crossDown=false
[0079] 2026-03-17T06:35:00+05:30  O=95.068 H=95.538 L=94.957 C=95.417  EMA9=95.4888  EMA21=95.7331
        ema9_vs_ema21        EMA9=95.4888 EMA21=95.7331 crossUp=false crossDown=false
[0080] 2026-03-17T06:40:00+05:30  O=95.398 H=96.084 L=95.377 C=95.838  EMA9=95.5586  EMA21=95.7426
        ema9_vs_ema21        EMA9=95.5586 EMA21=95.7426 crossUp=false crossDown=false
[0081] 2026-03-17T06:45:00+05:30  O=95.838 H=95.898 L=95.537 C=95.847  EMA9=95.6163  EMA21=95.7521
        ema9_vs_ema21        EMA9=95.6163 EMA21=95.7521 crossUp=false crossDown=false
[0082] 2026-03-17T06:50:00+05:30  O=95.847 H=95.868 L=95.357 C=95.508  EMA9=95.5947  EMA21=95.7299
        ema9_vs_ema21        EMA9=95.5947 EMA21=95.7299 crossUp=false crossDown=false
[0083] 2026-03-17T06:55:00+05:30  O=95.498 H=95.778 L=95.498 C=95.717  EMA9=95.6191  EMA21=95.7287
        ema9_vs_ema21        EMA9=95.6191 EMA21=95.7287 crossUp=false crossDown=false
[0084] 2026-03-17T07:00:00+05:30  O=95.747 H=95.86 L=95.537 C=95.86  EMA9=95.6673  EMA21=95.7407
        ema9_vs_ema21        EMA9=95.6673 EMA21=95.7407 crossUp=false crossDown=false
[0085] 2026-03-17T07:05:00+05:30  O=95.888 H=96.038 L=95.627 C=95.668  EMA9=95.6674  EMA21=95.7341
        ema9_vs_ema21        EMA9=95.6674 EMA21=95.7341 crossUp=false crossDown=false
[0086] 2026-03-17T07:10:00+05:30  O=95.698 H=95.758 L=95.296 C=95.537  EMA9=95.6414  EMA21=95.7161
        ema9_vs_ema21        EMA9=95.6414 EMA21=95.7161 crossUp=false crossDown=false
[0087] 2026-03-17T07:15:00+05:30  O=95.588 H=95.718 L=95.467 C=95.467  EMA9=95.6065  EMA21=95.6935
        ema9_vs_ema21        EMA9=95.6065 EMA21=95.6935 crossUp=false crossDown=false
[0088] 2026-03-17T07:20:00+05:30  O=95.538 H=95.6 L=95.338 C=95.387  EMA9=95.5626  EMA21=95.6656
        ema9_vs_ema21        EMA9=95.5626 EMA21=95.6656 crossUp=false crossDown=false
[0089] 2026-03-17T07:25:00+05:30  O=95.458 H=95.778 L=95.458 C=95.718  EMA9=95.5937  EMA21=95.6704
        ema9_vs_ema21        EMA9=95.5937 EMA21=95.6704 crossUp=false crossDown=false
[0090] 2026-03-17T07:30:00+05:30  O=95.708 H=95.768 L=95.647 C=95.657  EMA9=95.6063  EMA21=95.6692
        ema9_vs_ema21        EMA9=95.6063 EMA21=95.6692 crossUp=false crossDown=false
[0091] 2026-03-17T07:35:00+05:30  O=95.658 H=95.658 L=95.007 C=95.148  EMA9=95.5147  EMA21=95.6218
        ema9_vs_ema21        EMA9=95.5147 EMA21=95.6218 crossUp=false crossDown=false
[0092] 2026-03-17T07:40:00+05:30  O=95.148 H=95.2 L=95.057 C=95.197  EMA9=95.4511  EMA21=95.5832
        ema9_vs_ema21        EMA9=95.4511 EMA21=95.5832 crossUp=false crossDown=false
[0093] 2026-03-17T07:45:00+05:30  O=95.248 H=95.268 L=95.117 C=95.117  EMA9=95.3843  EMA21=95.5408
        ema9_vs_ema21        EMA9=95.3843 EMA21=95.5408 crossUp=false crossDown=false
[0094] 2026-03-17T07:50:00+05:30  O=95.107 H=95.208 L=94.927 C=95.027  EMA9=95.3128  EMA21=95.4941
        ema9_vs_ema21        EMA9=95.3128 EMA21=95.4941 crossUp=false crossDown=false
[0095] 2026-03-17T07:55:00+05:30  O=95.037 H=95.138 L=94.997 C=95.007  EMA9=95.2517  EMA21=95.4498
        ema9_vs_ema21        EMA9=95.2517 EMA21=95.4498 crossUp=false crossDown=false
[0096] 2026-03-17T08:00:00+05:30  O=95.028 H=95.258 L=94.866 C=95.208  EMA9=95.2429  EMA21=95.4278
        ema9_vs_ema21        EMA9=95.2429 EMA21=95.4278 crossUp=false crossDown=false
[0097] 2026-03-17T08:05:00+05:30  O=95.258 H=95.568 L=95.258 C=95.527  EMA9=95.2998  EMA21=95.4368
        ema9_vs_ema21        EMA9=95.2998 EMA21=95.4368 crossUp=false crossDown=false
[0098] 2026-03-17T08:10:00+05:30  O=95.548 H=95.598 L=95.415 C=95.467  EMA9=95.3332  EMA21=95.4396
        ema9_vs_ema21        EMA9=95.3332 EMA21=95.4396 crossUp=false crossDown=false
[0099] 2026-03-17T08:15:00+05:30  O=95.458 H=95.588 L=95.277 C=95.337  EMA9=95.3340  EMA21=95.4303
        ema9_vs_ema21        EMA9=95.3340 EMA21=95.4303 crossUp=false crossDown=false
[0100] 2026-03-17T08:20:00+05:30  O=95.328 H=95.468 L=95.267 C=95.408  EMA9=95.3488  EMA21=95.4282
        ema9_vs_ema21        EMA9=95.3488 EMA21=95.4282 crossUp=false crossDown=false
[0101] 2026-03-17T08:25:00+05:30  O=95.398 H=95.408 L=95.107 C=95.127  EMA9=95.3044  EMA21=95.4008
        ema9_vs_ema21        EMA9=95.3044 EMA21=95.4008 crossUp=false crossDown=false
[0102] 2026-03-17T08:30:00+05:30  O=95.128 H=95.288 L=95.077 C=95.097  EMA9=95.2629  EMA21=95.3732
        ema9_vs_ema21        EMA9=95.2629 EMA21=95.3732 crossUp=false crossDown=false
[0103] 2026-03-17T08:35:00+05:30  O=95.067 H=95.158 L=94.967 C=95.007  EMA9=95.2117  EMA21=95.3399
        ema9_vs_ema21        EMA9=95.2117 EMA21=95.3399 crossUp=false crossDown=false
[0104] 2026-03-17T08:40:00+05:30  O=95.058 H=95.058 L=94.79 C=94.807  EMA9=95.1308  EMA21=95.2915
        ema9_vs_ema21        EMA9=95.1308 EMA21=95.2915 crossUp=false crossDown=false
[0105] 2026-03-17T08:45:00+05:30  O=94.807 H=94.908 L=94.737 C=94.898  EMA9=95.0842  EMA21=95.2557
        ema9_vs_ema21        EMA9=95.0842 EMA21=95.2557 crossUp=false crossDown=false
[0106] 2026-03-17T08:50:00+05:30  O=94.887 H=94.887 L=94.5365 C=94.667  EMA9=95.0008  EMA21=95.2022
        ema9_vs_ema21        EMA9=95.0008 EMA21=95.2022 crossUp=false crossDown=false
[0107] 2026-03-17T08:55:00+05:30  O=94.678 H=94.818 L=94.637 C=94.647  EMA9=94.9300  EMA21=95.1517
        ema9_vs_ema21        EMA9=94.9300 EMA21=95.1517 crossUp=false crossDown=false
[0108] 2026-03-17T09:00:00+05:30  O=94.657 H=94.678 L=94.14 C=94.288  EMA9=94.8016  EMA21=95.0732
        ema9_vs_ema21        EMA9=94.8016 EMA21=95.0732 crossUp=false crossDown=false
[0109] 2026-03-17T09:05:00+05:30  O=94.317 H=94.378 L=94.12 C=94.317  EMA9=94.7047  EMA21=95.0045
        ema9_vs_ema21        EMA9=94.7047 EMA21=95.0045 crossUp=false crossDown=false
[0110] 2026-03-17T09:10:00+05:30  O=94.2929 H=94.2929 L=93.926 C=94.047  EMA9=94.5732  EMA21=94.9174
        ema9_vs_ema21        EMA9=94.5732 EMA21=94.9174 crossUp=false crossDown=false
[0111] 2026-03-17T09:15:00+05:30  O=94 H=94.068 L=93.816 C=93.8668  EMA9=94.4319  EMA21=94.8219
        ema9_vs_ema21        EMA9=94.4319 EMA21=94.8219 crossUp=false crossDown=false
[0112] 2026-03-17T09:20:00+05:30  O=93.857 H=94.07 L=93.706 C=93.917  EMA9=94.3289  EMA21=94.7396
        ema9_vs_ema21        EMA9=94.3289 EMA21=94.7396 crossUp=false crossDown=false
[0113] 2026-03-17T09:25:00+05:30  O=93.906 H=94.1512 L=93.766 C=94.078  EMA9=94.2787  EMA21=94.6795
        ema9_vs_ema21        EMA9=94.2787 EMA21=94.6795 crossUp=false crossDown=false
[0114] 2026-03-17T09:30:00+05:30  O=94.098 H=94.258 L=94.007 C=94.067  EMA9=94.2364  EMA21=94.6238
        ema9_vs_ema21        EMA9=94.2364 EMA21=94.6238 crossUp=false crossDown=false
[0115] 2026-03-17T09:35:00+05:30  O=94.077 H=94.198 L=94.016 C=94.108  EMA9=94.2107  EMA21=94.5769
        ema9_vs_ema21        EMA9=94.2107 EMA21=94.5769 crossUp=false crossDown=false
[0116] 2026-03-17T09:40:00+05:30  O=94.107 H=94.187 L=94.026 C=94.117  EMA9=94.1920  EMA21=94.5351
        ema9_vs_ema21        EMA9=94.1920 EMA21=94.5351 crossUp=false crossDown=false
[0117] 2026-03-17T09:45:00+05:30  O=94.157 H=94.218 L=93.795 C=93.837  EMA9=94.1210  EMA21=94.4716
        ema9_vs_ema21        EMA9=94.1210 EMA21=94.4716 crossUp=false crossDown=false
[0118] 2026-03-17T09:50:00+05:30  O=93.846 H=93.897 L=93.506 C=93.716  EMA9=94.0400  EMA21=94.4029
        ema9_vs_ema21        EMA9=94.0400 EMA21=94.4029 crossUp=false crossDown=false
[0119] 2026-03-17T09:55:00+05:30  O=93.716 H=93.817 L=93.616 C=93.766  EMA9=93.9852  EMA21=94.3450
        ema9_vs_ema21        EMA9=93.9852 EMA21=94.3450 crossUp=false crossDown=false
[0120] 2026-03-17T10:00:00+05:30  O=93.766 H=93.897 L=93.5036 C=93.597  EMA9=93.9075  EMA21=94.2770
        ema9_vs_ema21        EMA9=93.9075 EMA21=94.2770 crossUp=false crossDown=false
[0121] 2026-03-17T10:05:00+05:30  O=93.587 H=93.607 L=93.3 C=93.347  EMA9=93.7954  EMA21=94.1925
        ema9_vs_ema21        EMA9=93.7954 EMA21=94.1925 crossUp=false crossDown=false
[0122] 2026-03-17T10:10:00+05:30  O=93.347 H=93.637 L=93.196 C=93.467  EMA9=93.7297  EMA21=94.1265
        ema9_vs_ema21        EMA9=93.7297 EMA21=94.1265 crossUp=false crossDown=false
[0123] 2026-03-17T10:15:00+05:30  O=93.476 H=93.727 L=93.476 C=93.727  EMA9=93.7292  EMA21=94.0902
        ema9_vs_ema21        EMA9=93.7292 EMA21=94.0902 crossUp=false crossDown=false
[0124] 2026-03-17T10:20:00+05:30  O=93.727 H=93.8 L=93.706 C=93.756  EMA9=93.7346  EMA21=94.0598
        ema9_vs_ema21        EMA9=93.7346 EMA21=94.0598 crossUp=false crossDown=false
[0125] 2026-03-17T10:25:00+05:30  O=93.777 H=93.868 L=93.736 C=93.767  EMA9=93.7410  EMA21=94.0332
        ema9_vs_ema21        EMA9=93.7410 EMA21=94.0332 crossUp=false crossDown=false
[0126] 2026-03-17T10:30:00+05:30  O=93.736 H=93.807 L=93.556 C=93.807  EMA9=93.7542  EMA21=94.0126
        ema9_vs_ema21        EMA9=93.7542 EMA21=94.0126 crossUp=false crossDown=false
[0127] 2026-03-17T10:35:00+05:30  O=93.8 H=93.927 L=93.726 C=93.787  EMA9=93.7608  EMA21=93.9921
        ema9_vs_ema21        EMA9=93.7608 EMA21=93.9921 crossUp=false crossDown=false
[0128] 2026-03-17T10:40:00+05:30  O=93.787 H=93.97 L=93.744 C=93.786  EMA9=93.7658  EMA21=93.9734
        ema9_vs_ema21        EMA9=93.7658 EMA21=93.9734 crossUp=false crossDown=false
[0129] 2026-03-17T10:45:00+05:30  O=93.827 H=94.037 L=93.796 C=93.927  EMA9=93.7981  EMA21=93.9692
        ema9_vs_ema21        EMA9=93.7981 EMA21=93.9692 crossUp=false crossDown=false
[0130] 2026-03-17T10:50:00+05:30  O=93.886 H=93.927 L=93.786 C=93.876  EMA9=93.8137  EMA21=93.9607
        ema9_vs_ema21        EMA9=93.8137 EMA21=93.9607 crossUp=false crossDown=false
[0131] 2026-03-17T10:55:00+05:30  O=93.8848 H=94.068 L=93.8848 C=94  EMA9=93.8509  EMA21=93.9643
        ema9_vs_ema21        EMA9=93.8509 EMA21=93.9643 crossUp=false crossDown=false
[0132] 2026-03-17T11:00:00+05:30  O=94 H=94.098 L=93.926 C=93.946  EMA9=93.8699  EMA21=93.9626
        ema9_vs_ema21        EMA9=93.8699 EMA21=93.9626 crossUp=false crossDown=false
[0133] 2026-03-17T11:05:00+05:30  O=93.946 H=93.957 L=93.596 C=93.687  EMA9=93.8334  EMA21=93.9376
        ema9_vs_ema21        EMA9=93.8334 EMA21=93.9376 crossUp=false crossDown=false
[0134] 2026-03-17T11:10:00+05:30  O=93.676 H=93.8065 L=93.446 C=93.496  EMA9=93.7659  EMA21=93.8974
        ema9_vs_ema21        EMA9=93.7659 EMA21=93.8974 crossUp=false crossDown=false

--- SCAN END  totalCandles=135  signals=3  at=2026-03-17T11:15:33+05:30 ---
