
================================================================================
SCAN START  symbol=ETHUSD  strategy=EMA_CROSS  at=2026-03-17T10:24:19+05:30
================================================================================
[0022] 2026-03-17T01:50:00+05:30  O=2325.25 H=2331 L=2324.65 C=2329.4  EMA9=2328.2400  EMA21=2330.7733
        ema9_vs_ema21        EMA9=2328.2400 EMA21=2330.7733 crossUp=false crossDown=false
[0023] 2026-03-17T01:55:00+05:30  O=2329.15 H=2332.55 L=2328.1 C=2330.6  EMA9=2328.7120  EMA21=2330.7575
        ema9_vs_ema21        EMA9=2328.7120 EMA21=2330.7575 crossUp=false crossDown=false
[0024] 2026-03-17T02:00:00+05:30  O=2330.7 H=2336.55 L=2330.1 C=2336  EMA9=2330.1696  EMA21=2331.2341
        ema9_vs_ema21        EMA9=2330.1696 EMA21=2331.2341 crossUp=false crossDown=false
[0025] 2026-03-17T02:05:00+05:30  O=2335.95 H=2342.2 L=2334.25 C=2341.5  EMA9=2332.4357  EMA21=2332.1674
        ema9_vs_ema21        EMA9=2332.4357 EMA21=2332.1674 crossUp=true crossDown=false
        >>> SIGNAL: BUY – EMA9 (2332.44) crossed above EMA21 (2332.17)
[0026] 2026-03-17T02:10:00+05:30  O=2341 H=2341 L=2335.8 C=2336.55  EMA9=2333.2585  EMA21=2332.5658
        ema9_vs_ema21        EMA9=2333.2585 EMA21=2332.5658 crossUp=false crossDown=false
[0027] 2026-03-17T02:15:00+05:30  O=2336.95 H=2341 L=2336.45 C=2341  EMA9=2334.8068  EMA21=2333.3325
        ema9_vs_ema21        EMA9=2334.8068 EMA21=2333.3325 crossUp=false crossDown=false
[0028] 2026-03-17T02:20:00+05:30  O=2341.1 H=2346.35 L=2340.2 C=2341.95  EMA9=2336.2355  EMA21=2334.1159
        ema9_vs_ema21        EMA9=2336.2355 EMA21=2334.1159 crossUp=false crossDown=false
[0029] 2026-03-17T02:25:00+05:30  O=2342.05 H=2347.25 L=2341.4 C=2344.65  EMA9=2337.9184  EMA21=2335.0736
        ema9_vs_ema21        EMA9=2337.9184 EMA21=2335.0736 crossUp=false crossDown=false
[0030] 2026-03-17T02:30:00+05:30  O=2344.85 H=2357.3 L=2343.15 C=2354.25  EMA9=2341.1847  EMA21=2336.8169
        ema9_vs_ema21        EMA9=2341.1847 EMA21=2336.8169 crossUp=false crossDown=false
[0031] 2026-03-17T02:35:00+05:30  O=2353.15 H=2355.45 L=2342.7 C=2346.3  EMA9=2342.2078  EMA21=2337.6790
        ema9_vs_ema21        EMA9=2342.2078 EMA21=2337.6790 crossUp=false crossDown=false
[0032] 2026-03-17T02:40:00+05:30  O=2346.3 H=2353.05 L=2346.2 C=2350.4  EMA9=2343.8462  EMA21=2338.8355
        ema9_vs_ema21        EMA9=2343.8462 EMA21=2338.8355 crossUp=false crossDown=false
[0033] 2026-03-17T02:45:00+05:30  O=2349.65 H=2352.9 L=2346.45 C=2349.95  EMA9=2345.0670  EMA21=2339.8459
        ema9_vs_ema21        EMA9=2345.0670 EMA21=2339.8459 crossUp=false crossDown=false
[0034] 2026-03-17T02:50:00+05:30  O=2349.85 H=2352.95 L=2344 C=2349.35  EMA9=2345.9236  EMA21=2340.7099
        ema9_vs_ema21        EMA9=2345.9236 EMA21=2340.7099 crossUp=false crossDown=false
[0035] 2026-03-17T02:55:00+05:30  O=2348.8 H=2350 L=2344.55 C=2346.3  EMA9=2345.9989  EMA21=2341.2181
        ema9_vs_ema21        EMA9=2345.9989 EMA21=2341.2181 crossUp=false crossDown=false
[0036] 2026-03-17T03:00:00+05:30  O=2346.45 H=2358.2 L=2345.85 C=2356.25  EMA9=2348.0491  EMA21=2342.5846
        ema9_vs_ema21        EMA9=2348.0491 EMA21=2342.5846 crossUp=false crossDown=false
[0037] 2026-03-17T03:05:00+05:30  O=2356.25 H=2376.4 L=2354.05 C=2362.35  EMA9=2350.9093  EMA21=2344.3815
        ema9_vs_ema21        EMA9=2350.9093 EMA21=2344.3815 crossUp=false crossDown=false
[0038] 2026-03-17T03:10:00+05:30  O=2363.65 H=2364.35 L=2354.35 C=2358.55  EMA9=2352.4374  EMA21=2345.6695
        ema9_vs_ema21        EMA9=2352.4374 EMA21=2345.6695 crossUp=false crossDown=false
[0039] 2026-03-17T03:15:00+05:30  O=2359.9 H=2365.85 L=2356.45 C=2365.3  EMA9=2355.0099  EMA21=2347.4541
        ema9_vs_ema21        EMA9=2355.0099 EMA21=2347.4541 crossUp=false crossDown=false
[0040] 2026-03-17T03:20:00+05:30  O=2365.05 H=2370.5 L=2360.45 C=2363.9  EMA9=2356.7879  EMA21=2348.9492
        ema9_vs_ema21        EMA9=2356.7879 EMA21=2348.9492 crossUp=false crossDown=false
[0041] 2026-03-17T03:25:00+05:30  O=2363.95 H=2364.05 L=2357.15 C=2360.3  EMA9=2357.4904  EMA21=2349.9811
        ema9_vs_ema21        EMA9=2357.4904 EMA21=2349.9811 crossUp=false crossDown=false
[0042] 2026-03-17T03:30:00+05:30  O=2360 H=2373.35 L=2359 C=2371.8  EMA9=2360.3523  EMA21=2351.9646
        ema9_vs_ema21        EMA9=2360.3523 EMA21=2351.9646 crossUp=false crossDown=false
[0043] 2026-03-17T03:35:00+05:30  O=2371.7 H=2385.55 L=2371.7 C=2380.55  EMA9=2364.3918  EMA21=2354.5633
        ema9_vs_ema21        EMA9=2364.3918 EMA21=2354.5633 crossUp=false crossDown=false
[0044] 2026-03-17T03:40:00+05:30  O=2380.4 H=2380.7 L=2373.5 C=2376  EMA9=2366.7135  EMA21=2356.5121
        ema9_vs_ema21        EMA9=2366.7135 EMA21=2356.5121 crossUp=false crossDown=false
[0045] 2026-03-17T03:45:00+05:30  O=2375.85 H=2376.55 L=2368.8 C=2373.3  EMA9=2368.0308  EMA21=2358.0383
        ema9_vs_ema21        EMA9=2368.0308 EMA21=2358.0383 crossUp=false crossDown=false
[0046] 2026-03-17T03:50:00+05:30  O=2373.05 H=2373.15 L=2358.05 C=2359.65  EMA9=2366.3546  EMA21=2358.1848
        ema9_vs_ema21        EMA9=2366.3546 EMA21=2358.1848 crossUp=false crossDown=false
[0047] 2026-03-17T03:55:00+05:30  O=2358 H=2361.15 L=2354.4 C=2358.8  EMA9=2364.8437  EMA21=2358.2407
        ema9_vs_ema21        EMA9=2364.8437 EMA21=2358.2407 crossUp=false crossDown=false
[0048] 2026-03-17T04:00:00+05:30  O=2358.7 H=2363.75 L=2357.85 C=2359.45  EMA9=2363.7650  EMA21=2358.3506
        ema9_vs_ema21        EMA9=2363.7650 EMA21=2358.3506 crossUp=false crossDown=false
[0049] 2026-03-17T04:05:00+05:30  O=2359.8 H=2365.05 L=2359.8 C=2364.5  EMA9=2363.9120  EMA21=2358.9097
        ema9_vs_ema21        EMA9=2363.9120 EMA21=2358.9097 crossUp=false crossDown=false
[0050] 2026-03-17T04:10:00+05:30  O=2364.35 H=2366.1 L=2361.2 C=2365.4  EMA9=2364.2096  EMA21=2359.4997
        ema9_vs_ema21        EMA9=2364.2096 EMA21=2359.4997 crossUp=false crossDown=false
[0051] 2026-03-17T04:15:00+05:30  O=2365.35 H=2368.4 L=2364.45 C=2365.9  EMA9=2364.5477  EMA21=2360.0815
        ema9_vs_ema21        EMA9=2364.5477 EMA21=2360.0815 crossUp=false crossDown=false
[0052] 2026-03-17T04:20:00+05:30  O=2365.55 H=2366.15 L=2357.65 C=2358.5  EMA9=2363.3381  EMA21=2359.9378
        ema9_vs_ema21        EMA9=2363.3381 EMA21=2359.9378 crossUp=false crossDown=false
[0053] 2026-03-17T04:25:00+05:30  O=2358.75 H=2359.5 L=2355.65 C=2357.2  EMA9=2362.1105  EMA21=2359.6889
        ema9_vs_ema21        EMA9=2362.1105 EMA21=2359.6889 crossUp=false crossDown=false
[0054] 2026-03-17T04:30:00+05:30  O=2356.8 H=2356.8 L=2342.35 C=2343.25  EMA9=2358.3384  EMA21=2358.1944
        ema9_vs_ema21        EMA9=2358.3384 EMA21=2358.1944 crossUp=false crossDown=false
[0055] 2026-03-17T04:35:00+05:30  O=2343.2 H=2346.85 L=2329.5 C=2332.4  EMA9=2353.1507  EMA21=2355.8495
        ema9_vs_ema21        EMA9=2353.1507 EMA21=2355.8495 crossUp=false crossDown=true
        >>> SIGNAL: SELL – EMA9 (2353.15) crossed below EMA21 (2355.85)
[0056] 2026-03-17T04:40:00+05:30  O=2331.9 H=2340.3 L=2331.75 C=2339.05  EMA9=2350.3306  EMA21=2354.3223
        ema9_vs_ema21        EMA9=2350.3306 EMA21=2354.3223 crossUp=false crossDown=false
[0057] 2026-03-17T04:45:00+05:30  O=2339.05 H=2343.8 L=2337 C=2340.95  EMA9=2348.4545  EMA21=2353.1066
        ema9_vs_ema21        EMA9=2348.4545 EMA21=2353.1066 crossUp=false crossDown=false
[0058] 2026-03-17T04:50:00+05:30  O=2340.7 H=2343.55 L=2336.6 C=2342.9  EMA9=2347.3436  EMA21=2352.1787
        ema9_vs_ema21        EMA9=2347.3436 EMA21=2352.1787 crossUp=false crossDown=false
[0059] 2026-03-17T04:55:00+05:30  O=2343 H=2351.15 L=2342.9 C=2350.75  EMA9=2348.0249  EMA21=2352.0488
        ema9_vs_ema21        EMA9=2348.0249 EMA21=2352.0488 crossUp=false crossDown=false
[0060] 2026-03-17T05:00:00+05:30  O=2350.6 H=2357.9 L=2349.45 C=2354.85  EMA9=2349.3899  EMA21=2352.3035
        ema9_vs_ema21        EMA9=2349.3899 EMA21=2352.3035 crossUp=false crossDown=false
[0061] 2026-03-17T05:05:00+05:30  O=2354.6 H=2356.7 L=2352.65 C=2354.05  EMA9=2350.3219  EMA21=2352.4623
        ema9_vs_ema21        EMA9=2350.3219 EMA21=2352.4623 crossUp=false crossDown=false
[0062] 2026-03-17T05:10:00+05:30  O=2354.5 H=2358.4 L=2353.6 C=2357.1  EMA9=2351.6775  EMA21=2352.8839
        ema9_vs_ema21        EMA9=2351.6775 EMA21=2352.8839 crossUp=false crossDown=false
[0063] 2026-03-17T05:15:00+05:30  O=2357.9 H=2361 L=2351.55 C=2353.8  EMA9=2352.1020  EMA21=2352.9672
        ema9_vs_ema21        EMA9=2352.1020 EMA21=2352.9672 crossUp=false crossDown=false
[0064] 2026-03-17T05:20:00+05:30  O=2353.7 H=2355.7 L=2346.25 C=2349.95  EMA9=2351.6716  EMA21=2352.6929
        ema9_vs_ema21        EMA9=2351.6716 EMA21=2352.6929 crossUp=false crossDown=false
[0065] 2026-03-17T05:25:00+05:30  O=2350 H=2352.25 L=2348.7 C=2352.2  EMA9=2351.7773  EMA21=2352.6481
        ema9_vs_ema21        EMA9=2351.7773 EMA21=2352.6481 crossUp=false crossDown=false
[0066] 2026-03-17T05:30:00+05:30  O=2352.2 H=2352.2 L=2339.8 C=2342.1  EMA9=2349.8418  EMA21=2351.6892
        ema9_vs_ema21        EMA9=2349.8418 EMA21=2351.6892 crossUp=false crossDown=false
[0067] 2026-03-17T05:35:00+05:30  O=2342.4 H=2352.6 L=2342.05 C=2348.1  EMA9=2349.4935  EMA21=2351.3629
        ema9_vs_ema21        EMA9=2349.4935 EMA21=2351.3629 crossUp=false crossDown=false
[0068] 2026-03-17T05:40:00+05:30  O=2348.5 H=2373.6 L=2348.5 C=2366.55  EMA9=2352.9048  EMA21=2352.7435
        ema9_vs_ema21        EMA9=2352.9048 EMA21=2352.7435 crossUp=true crossDown=false
        >>> SIGNAL: BUY – EMA9 (2352.90) crossed above EMA21 (2352.74)
[0069] 2026-03-17T05:45:00+05:30  O=2366.25 H=2376.65 L=2359.4 C=2363  EMA9=2354.9238  EMA21=2353.6759
        ema9_vs_ema21        EMA9=2354.9238 EMA21=2353.6759 crossUp=false crossDown=false
[0070] 2026-03-17T05:50:00+05:30  O=2362.7 H=2362.7 L=2345.6 C=2346.35  EMA9=2353.2091  EMA21=2353.0099
        ema9_vs_ema21        EMA9=2353.2091 EMA21=2353.0099 crossUp=false crossDown=false
[0071] 2026-03-17T05:55:00+05:30  O=2346.2 H=2353.65 L=2341.65 C=2353.45  EMA9=2353.2572  EMA21=2353.0499
        ema9_vs_ema21        EMA9=2353.2572 EMA21=2353.0499 crossUp=false crossDown=false
[0072] 2026-03-17T06:00:00+05:30  O=2353.45 H=2367.35 L=2353.45 C=2362.5  EMA9=2355.1058  EMA21=2353.9090
        ema9_vs_ema21        EMA9=2355.1058 EMA21=2353.9090 crossUp=false crossDown=false
[0073] 2026-03-17T06:05:00+05:30  O=2362.65 H=2365.35 L=2350.35 C=2351.95  EMA9=2354.4746  EMA21=2353.7309
        ema9_vs_ema21        EMA9=2354.4746 EMA21=2353.7309 crossUp=false crossDown=false
[0074] 2026-03-17T06:10:00+05:30  O=2352.05 H=2355.5 L=2348.2 C=2353  EMA9=2354.1797  EMA21=2353.6645
        ema9_vs_ema21        EMA9=2354.1797 EMA21=2353.6645 crossUp=false crossDown=false
[0075] 2026-03-17T06:15:00+05:30  O=2353.3 H=2356.65 L=2349.85 C=2349.9  EMA9=2353.3238  EMA21=2353.3223
        ema9_vs_ema21        EMA9=2353.3238 EMA21=2353.3223 crossUp=false crossDown=false
[0076] 2026-03-17T06:20:00+05:30  O=2349.8 H=2350.5 L=2345.8 C=2350  EMA9=2352.6590  EMA21=2353.0202
        ema9_vs_ema21        EMA9=2352.6590 EMA21=2353.0202 crossUp=false crossDown=true
        >>> SIGNAL: SELL – EMA9 (2352.66) crossed below EMA21 (2353.02)
[0077] 2026-03-17T06:25:00+05:30  O=2350.1 H=2357.3 L=2346.45 C=2357.05  EMA9=2353.5372  EMA21=2353.3866
        ema9_vs_ema21        EMA9=2353.5372 EMA21=2353.3866 crossUp=true crossDown=false
        >>> SIGNAL: BUY – EMA9 (2353.54) crossed above EMA21 (2353.39)
[0078] 2026-03-17T06:30:00+05:30  O=2357.05 H=2358.75 L=2346.7 C=2348.5  EMA9=2352.5298  EMA21=2352.9423
        ema9_vs_ema21        EMA9=2352.5298 EMA21=2352.9423 crossUp=false crossDown=true
        >>> SIGNAL: SELL – EMA9 (2352.53) crossed below EMA21 (2352.94)
[0079] 2026-03-17T06:35:00+05:30  O=2348.55 H=2362.1 L=2346.15 C=2358.75  EMA9=2353.7738  EMA21=2353.4703
        ema9_vs_ema21        EMA9=2353.7738 EMA21=2353.4703 crossUp=true crossDown=false
        >>> SIGNAL: BUY – EMA9 (2353.77) crossed above EMA21 (2353.47)
[0080] 2026-03-17T06:40:00+05:30  O=2358.75 H=2373.3 L=2356.95 C=2364.35  EMA9=2355.8891  EMA21=2354.4594
        ema9_vs_ema21        EMA9=2355.8891 EMA21=2354.4594 crossUp=false crossDown=false
[0081] 2026-03-17T06:45:00+05:30  O=2364.1 H=2367.8 L=2358.05 C=2365.95  EMA9=2357.9012  EMA21=2355.5040
        ema9_vs_ema21        EMA9=2357.9012 EMA21=2355.5040 crossUp=false crossDown=false
[0082] 2026-03-17T06:50:00+05:30  O=2366.3 H=2367.5 L=2356.8 C=2361.1  EMA9=2358.5410  EMA21=2356.0127
        ema9_vs_ema21        EMA9=2358.5410 EMA21=2356.0127 crossUp=false crossDown=false
[0083] 2026-03-17T06:55:00+05:30  O=2361 H=2365.35 L=2360.05 C=2364  EMA9=2359.6328  EMA21=2356.7388
        ema9_vs_ema21        EMA9=2359.6328 EMA21=2356.7388 crossUp=false crossDown=false
[0084] 2026-03-17T07:00:00+05:30  O=2364 H=2369.4 L=2358.15 C=2369.4  EMA9=2361.5862  EMA21=2357.8898
        ema9_vs_ema21        EMA9=2361.5862 EMA21=2357.8898 crossUp=false crossDown=false
[0085] 2026-03-17T07:05:00+05:30  O=2369.25 H=2374.4 L=2363.95 C=2365.45  EMA9=2362.3590  EMA21=2358.5771
        ema9_vs_ema21        EMA9=2362.3590 EMA21=2358.5771 crossUp=false crossDown=false
[0086] 2026-03-17T07:10:00+05:30  O=2365.75 H=2368.05 L=2350.45 C=2359.95  EMA9=2361.8772  EMA21=2358.7019
        ema9_vs_ema21        EMA9=2361.8772 EMA21=2358.7019 crossUp=false crossDown=false
[0087] 2026-03-17T07:15:00+05:30  O=2359.95 H=2366 L=2357.2 C=2360.05  EMA9=2361.5118  EMA21=2358.8245
        ema9_vs_ema21        EMA9=2361.5118 EMA21=2358.8245 crossUp=false crossDown=false
[0088] 2026-03-17T07:20:00+05:30  O=2359.95 H=2361.7 L=2350.6 C=2353  EMA9=2359.8094  EMA21=2358.2950
        ema9_vs_ema21        EMA9=2359.8094 EMA21=2358.2950 crossUp=false crossDown=false
[0089] 2026-03-17T07:25:00+05:30  O=2353 H=2361.1 L=2353 C=2360.35  EMA9=2359.9175  EMA21=2358.4818
        ema9_vs_ema21        EMA9=2359.9175 EMA21=2358.4818 crossUp=false crossDown=false
[0090] 2026-03-17T07:30:00+05:30  O=2360.25 H=2361.2 L=2356.6 C=2357.55  EMA9=2359.4440  EMA21=2358.3971
        ema9_vs_ema21        EMA9=2359.4440 EMA21=2358.3971 crossUp=false crossDown=false
[0091] 2026-03-17T07:35:00+05:30  O=2357 H=2357 L=2346.95 C=2349  EMA9=2357.3552  EMA21=2357.5428
        ema9_vs_ema21        EMA9=2357.3552 EMA21=2357.5428 crossUp=false crossDown=true
        >>> SIGNAL: SELL – EMA9 (2357.36) crossed below EMA21 (2357.54)
[0092] 2026-03-17T07:40:00+05:30  O=2349.15 H=2349.8 L=2344.2 C=2348.65  EMA9=2355.6142  EMA21=2356.7344
        ema9_vs_ema21        EMA9=2355.6142 EMA21=2356.7344 crossUp=false crossDown=false
[0093] 2026-03-17T07:45:00+05:30  O=2349.15 H=2349.45 L=2344 C=2344.85  EMA9=2353.4613  EMA21=2355.6540
        ema9_vs_ema21        EMA9=2353.4613 EMA21=2355.6540 crossUp=false crossDown=false
[0094] 2026-03-17T07:50:00+05:30  O=2344.85 H=2348.85 L=2344 C=2345.55  EMA9=2351.8791  EMA21=2354.7354
        ema9_vs_ema21        EMA9=2351.8791 EMA21=2354.7354 crossUp=false crossDown=false
[0095] 2026-03-17T07:55:00+05:30  O=2345.75 H=2348.25 L=2344.1 C=2347.35  EMA9=2350.9733  EMA21=2354.0640
        ema9_vs_ema21        EMA9=2350.9733 EMA21=2354.0640 crossUp=false crossDown=false
[0096] 2026-03-17T08:00:00+05:30  O=2347.35 H=2353.6 L=2345.55 C=2352.75  EMA9=2351.3286  EMA21=2353.9446
        ema9_vs_ema21        EMA9=2351.3286 EMA21=2353.9446 crossUp=false crossDown=false
[0097] 2026-03-17T08:05:00+05:30  O=2352.65 H=2359.5 L=2352.2 C=2359.4  EMA9=2352.9429  EMA21=2354.4405
        ema9_vs_ema21        EMA9=2352.9429 EMA21=2354.4405 crossUp=false crossDown=false
[0098] 2026-03-17T08:10:00+05:30  O=2359.75 H=2360.7 L=2356.5 C=2357.85  EMA9=2353.9243  EMA21=2354.7505
        ema9_vs_ema21        EMA9=2353.9243 EMA21=2354.7505 crossUp=false crossDown=false
[0099] 2026-03-17T08:15:00+05:30  O=2357.85 H=2361 L=2354.9 C=2357  EMA9=2354.5394  EMA21=2354.9550
        ema9_vs_ema21        EMA9=2354.5394 EMA21=2354.9550 crossUp=false crossDown=false
[0100] 2026-03-17T08:20:00+05:30  O=2357.25 H=2358.5 L=2355.1 C=2356.45  EMA9=2354.9216  EMA21=2355.0909
        ema9_vs_ema21        EMA9=2354.9216 EMA21=2355.0909 crossUp=false crossDown=false
[0101] 2026-03-17T08:25:00+05:30  O=2356.35 H=2356.35 L=2349.7 C=2350.4  EMA9=2354.0172  EMA21=2354.6644
        ema9_vs_ema21        EMA9=2354.0172 EMA21=2354.6644 crossUp=false crossDown=false
[0102] 2026-03-17T08:30:00+05:30  O=2350.5 H=2355.2 L=2349.6 C=2353.45  EMA9=2353.9038  EMA21=2354.5540
        ema9_vs_ema21        EMA9=2353.9038 EMA21=2354.5540 crossUp=false crossDown=false
[0103] 2026-03-17T08:35:00+05:30  O=2353.25 H=2353.25 L=2348.65 C=2348.7  EMA9=2352.8630  EMA21=2354.0219
        ema9_vs_ema21        EMA9=2352.8630 EMA21=2354.0219 crossUp=false crossDown=false
[0104] 2026-03-17T08:40:00+05:30  O=2348.6 H=2348.8 L=2340.85 C=2341.95  EMA9=2350.6804  EMA21=2352.9244
        ema9_vs_ema21        EMA9=2350.6804 EMA21=2352.9244 crossUp=false crossDown=false
[0105] 2026-03-17T08:45:00+05:30  O=2341.85 H=2343.7 L=2339.25 C=2343.4  EMA9=2349.2243  EMA21=2352.0586
        ema9_vs_ema21        EMA9=2349.2243 EMA21=2352.0586 crossUp=false crossDown=false
[0106] 2026-03-17T08:50:00+05:30  O=2343.45 H=2343.9 L=2334.1 C=2335.45  EMA9=2346.4695  EMA21=2350.5487
        ema9_vs_ema21        EMA9=2346.4695 EMA21=2350.5487 crossUp=false crossDown=false
[0107] 2026-03-17T08:55:00+05:30  O=2335.4 H=2339.1 L=2333 C=2335.9  EMA9=2344.3556  EMA21=2349.2170
        ema9_vs_ema21        EMA9=2344.3556 EMA21=2349.2170 crossUp=false crossDown=false
[0108] 2026-03-17T09:00:00+05:30  O=2335.9 H=2336 L=2321.45 C=2323.75  EMA9=2340.2345  EMA21=2346.9018
        ema9_vs_ema21        EMA9=2340.2345 EMA21=2346.9018 crossUp=false crossDown=false
[0109] 2026-03-17T09:05:00+05:30  O=2324 H=2325.5 L=2316.8 C=2323.3  EMA9=2336.8476  EMA21=2344.7562
        ema9_vs_ema21        EMA9=2336.8476 EMA21=2344.7562 crossUp=false crossDown=false
[0110] 2026-03-17T09:10:00+05:30  O=2323.25 H=2323.25 L=2313.7 C=2316.05  EMA9=2332.6881  EMA21=2342.1465
        ema9_vs_ema21        EMA9=2332.6881 EMA21=2342.1465 crossUp=false crossDown=false
[0111] 2026-03-17T09:15:00+05:30  O=2315.95 H=2316.1 L=2308.75 C=2310.4  EMA9=2328.2304  EMA21=2339.2605
        ema9_vs_ema21        EMA9=2328.2304 EMA21=2339.2605 crossUp=false crossDown=false
[0112] 2026-03-17T09:20:00+05:30  O=2310.4 H=2318 L=2307.3 C=2312.5  EMA9=2325.0844  EMA21=2336.8277
        ema9_vs_ema21        EMA9=2325.0844 EMA21=2336.8277 crossUp=false crossDown=false
[0113] 2026-03-17T09:25:00+05:30  O=2312.5 H=2320.55 L=2310.45 C=2319.65  EMA9=2323.9975  EMA21=2335.2661
        ema9_vs_ema21        EMA9=2323.9975 EMA21=2335.2661 crossUp=false crossDown=false
[0114] 2026-03-17T09:30:00+05:30  O=2319.65 H=2325.9 L=2318 C=2323  EMA9=2323.7980  EMA21=2334.1510
        ema9_vs_ema21        EMA9=2323.7980 EMA21=2334.1510 crossUp=false crossDown=false
[0115] 2026-03-17T09:35:00+05:30  O=2322.7 H=2327.1 L=2321.5 C=2327.1  EMA9=2324.4584  EMA21=2333.5100
        ema9_vs_ema21        EMA9=2324.4584 EMA21=2333.5100 crossUp=false crossDown=false
[0116] 2026-03-17T09:40:00+05:30  O=2327.1 H=2329.5 L=2322.9 C=2327.05  EMA9=2324.9767  EMA21=2332.9227
        ema9_vs_ema21        EMA9=2324.9767 EMA21=2332.9227 crossUp=false crossDown=false
[0117] 2026-03-17T09:45:00+05:30  O=2327.3 H=2327.7 L=2316.8 C=2319.1  EMA9=2323.8014  EMA21=2331.6661
        ema9_vs_ema21        EMA9=2323.8014 EMA21=2331.6661 crossUp=false crossDown=false
[0118] 2026-03-17T09:50:00+05:30  O=2319 H=2320.4 L=2308.2 C=2310.5  EMA9=2321.1411  EMA21=2329.7419
        ema9_vs_ema21        EMA9=2321.1411 EMA21=2329.7419 crossUp=false crossDown=false
[0119] 2026-03-17T09:55:00+05:30  O=2310.4 H=2315.3 L=2308.85 C=2312.35  EMA9=2319.3829  EMA21=2328.1608
        ema9_vs_ema21        EMA9=2319.3829 EMA21=2328.1608 crossUp=false crossDown=false
[0120] 2026-03-17T10:00:00+05:30  O=2312.35 H=2316.15 L=2304.2 C=2309.25  EMA9=2317.3563  EMA21=2326.4417
        ema9_vs_ema21        EMA9=2317.3563 EMA21=2326.4417 crossUp=false crossDown=false
[0121] 2026-03-17T10:05:00+05:30  O=2309.25 H=2314 L=2300.4 C=2303.35  EMA9=2314.5550  EMA21=2324.3424
        ema9_vs_ema21        EMA9=2314.5550 EMA21=2324.3424 crossUp=false crossDown=false
[0122] 2026-03-17T10:10:00+05:30  O=2303.25 H=2308.45 L=2294 C=2304.3  EMA9=2312.5040  EMA21=2322.5204
        ema9_vs_ema21        EMA9=2312.5040 EMA21=2322.5204 crossUp=false crossDown=false
[0123] 2026-03-17T10:15:00+05:30  O=2304.2 H=2310 L=2303.7 C=2309.9  EMA9=2311.9832  EMA21=2321.3731
        ema9_vs_ema21        EMA9=2311.9832 EMA21=2321.3731 crossUp=false crossDown=false
[0124] 2026-03-17T10:20:00+05:30  O=2309.9 H=2312.85 L=2309 C=2312.15  EMA9=2312.0166  EMA21=2320.5346
        ema9_vs_ema21        EMA9=2312.0166 EMA21=2320.5346 crossUp=false crossDown=false

--- SCAN END  totalCandles=125  signals=8  at=2026-03-17T10:24:19+05:30 ---

================================================================================
SCAN START  symbol=ETHUSD  strategy=EMA_CROSS  at=2026-03-17T11:11:39+05:30
================================================================================
[0022] 2026-03-17T01:50:00+05:30  O=2325.25 H=2331 L=2324.65 C=2329.4  EMA9=2328.2400  EMA21=2330.7733
        ema9_vs_ema21        EMA9=2328.2400 EMA21=2330.7733 crossUp=false crossDown=false
[0023] 2026-03-17T01:55:00+05:30  O=2329.15 H=2332.55 L=2328.1 C=2330.6  EMA9=2328.7120  EMA21=2330.7575
        ema9_vs_ema21        EMA9=2328.7120 EMA21=2330.7575 crossUp=false crossDown=false
[0024] 2026-03-17T02:00:00+05:30  O=2330.7 H=2336.55 L=2330.1 C=2336  EMA9=2330.1696  EMA21=2331.2341
        ema9_vs_ema21        EMA9=2330.1696 EMA21=2331.2341 crossUp=false crossDown=false
[0025] 2026-03-17T02:05:00+05:30  O=2335.95 H=2342.2 L=2334.25 C=2341.5  EMA9=2332.4357  EMA21=2332.1674
        ema9_vs_ema21        EMA9=2332.4357 EMA21=2332.1674 crossUp=true crossDown=false
        >>> SIGNAL: BUY – EMA9 (2332.44) crossed above EMA21 (2332.17)
[0026] 2026-03-17T02:10:00+05:30  O=2341 H=2341 L=2335.8 C=2336.55  EMA9=2333.2585  EMA21=2332.5658
        ema9_vs_ema21        EMA9=2333.2585 EMA21=2332.5658 crossUp=false crossDown=false
[0027] 2026-03-17T02:15:00+05:30  O=2336.95 H=2341 L=2336.45 C=2341  EMA9=2334.8068  EMA21=2333.3325
        ema9_vs_ema21        EMA9=2334.8068 EMA21=2333.3325 crossUp=false crossDown=false
[0028] 2026-03-17T02:20:00+05:30  O=2341.1 H=2346.35 L=2340.2 C=2341.95  EMA9=2336.2355  EMA21=2334.1159
        ema9_vs_ema21        EMA9=2336.2355 EMA21=2334.1159 crossUp=false crossDown=false
[0029] 2026-03-17T02:25:00+05:30  O=2342.05 H=2347.25 L=2341.4 C=2344.65  EMA9=2337.9184  EMA21=2335.0736
        ema9_vs_ema21        EMA9=2337.9184 EMA21=2335.0736 crossUp=false crossDown=false
[0030] 2026-03-17T02:30:00+05:30  O=2344.85 H=2357.3 L=2343.15 C=2354.25  EMA9=2341.1847  EMA21=2336.8169
        ema9_vs_ema21        EMA9=2341.1847 EMA21=2336.8169 crossUp=false crossDown=false
[0031] 2026-03-17T02:35:00+05:30  O=2353.15 H=2355.45 L=2342.7 C=2346.3  EMA9=2342.2078  EMA21=2337.6790
        ema9_vs_ema21        EMA9=2342.2078 EMA21=2337.6790 crossUp=false crossDown=false
[0032] 2026-03-17T02:40:00+05:30  O=2346.3 H=2353.05 L=2346.2 C=2350.4  EMA9=2343.8462  EMA21=2338.8355
        ema9_vs_ema21        EMA9=2343.8462 EMA21=2338.8355 crossUp=false crossDown=false
[0033] 2026-03-17T02:45:00+05:30  O=2349.65 H=2352.9 L=2346.45 C=2349.95  EMA9=2345.0670  EMA21=2339.8459
        ema9_vs_ema21        EMA9=2345.0670 EMA21=2339.8459 crossUp=false crossDown=false
[0034] 2026-03-17T02:50:00+05:30  O=2349.85 H=2352.95 L=2344 C=2349.35  EMA9=2345.9236  EMA21=2340.7099
        ema9_vs_ema21        EMA9=2345.9236 EMA21=2340.7099 crossUp=false crossDown=false
[0035] 2026-03-17T02:55:00+05:30  O=2348.8 H=2350 L=2344.55 C=2346.3  EMA9=2345.9989  EMA21=2341.2181
        ema9_vs_ema21        EMA9=2345.9989 EMA21=2341.2181 crossUp=false crossDown=false
[0036] 2026-03-17T03:00:00+05:30  O=2346.45 H=2358.2 L=2345.85 C=2356.25  EMA9=2348.0491  EMA21=2342.5846
        ema9_vs_ema21        EMA9=2348.0491 EMA21=2342.5846 crossUp=false crossDown=false
[0037] 2026-03-17T03:05:00+05:30  O=2356.25 H=2376.4 L=2354.05 C=2362.35  EMA9=2350.9093  EMA21=2344.3815
        ema9_vs_ema21        EMA9=2350.9093 EMA21=2344.3815 crossUp=false crossDown=false
[0038] 2026-03-17T03:10:00+05:30  O=2363.65 H=2364.35 L=2354.35 C=2358.55  EMA9=2352.4374  EMA21=2345.6695
        ema9_vs_ema21        EMA9=2352.4374 EMA21=2345.6695 crossUp=false crossDown=false
[0039] 2026-03-17T03:15:00+05:30  O=2359.9 H=2365.85 L=2356.45 C=2365.3  EMA9=2355.0099  EMA21=2347.4541
        ema9_vs_ema21        EMA9=2355.0099 EMA21=2347.4541 crossUp=false crossDown=false
[0040] 2026-03-17T03:20:00+05:30  O=2365.05 H=2370.5 L=2360.45 C=2363.9  EMA9=2356.7879  EMA21=2348.9492
        ema9_vs_ema21        EMA9=2356.7879 EMA21=2348.9492 crossUp=false crossDown=false
[0041] 2026-03-17T03:25:00+05:30  O=2363.95 H=2364.05 L=2357.15 C=2360.3  EMA9=2357.4904  EMA21=2349.9811
        ema9_vs_ema21        EMA9=2357.4904 EMA21=2349.9811 crossUp=false crossDown=false
[0042] 2026-03-17T03:30:00+05:30  O=2360 H=2373.35 L=2359 C=2371.8  EMA9=2360.3523  EMA21=2351.9646
        ema9_vs_ema21        EMA9=2360.3523 EMA21=2351.9646 crossUp=false crossDown=false
[0043] 2026-03-17T03:35:00+05:30  O=2371.7 H=2385.55 L=2371.7 C=2380.55  EMA9=2364.3918  EMA21=2354.5633
        ema9_vs_ema21        EMA9=2364.3918 EMA21=2354.5633 crossUp=false crossDown=false
[0044] 2026-03-17T03:40:00+05:30  O=2380.4 H=2380.7 L=2373.5 C=2376  EMA9=2366.7135  EMA21=2356.5121
        ema9_vs_ema21        EMA9=2366.7135 EMA21=2356.5121 crossUp=false crossDown=false
[0045] 2026-03-17T03:45:00+05:30  O=2375.85 H=2376.55 L=2368.8 C=2373.3  EMA9=2368.0308  EMA21=2358.0383
        ema9_vs_ema21        EMA9=2368.0308 EMA21=2358.0383 crossUp=false crossDown=false
[0046] 2026-03-17T03:50:00+05:30  O=2373.05 H=2373.15 L=2358.05 C=2359.65  EMA9=2366.3546  EMA21=2358.1848
        ema9_vs_ema21        EMA9=2366.3546 EMA21=2358.1848 crossUp=false crossDown=false
[0047] 2026-03-17T03:55:00+05:30  O=2358 H=2361.15 L=2354.4 C=2358.8  EMA9=2364.8437  EMA21=2358.2407
        ema9_vs_ema21        EMA9=2364.8437 EMA21=2358.2407 crossUp=false crossDown=false
[0048] 2026-03-17T04:00:00+05:30  O=2358.7 H=2363.75 L=2357.85 C=2359.45  EMA9=2363.7650  EMA21=2358.3506
        ema9_vs_ema21        EMA9=2363.7650 EMA21=2358.3506 crossUp=false crossDown=false
[0049] 2026-03-17T04:05:00+05:30  O=2359.8 H=2365.05 L=2359.8 C=2364.5  EMA9=2363.9120  EMA21=2358.9097
        ema9_vs_ema21        EMA9=2363.9120 EMA21=2358.9097 crossUp=false crossDown=false
[0050] 2026-03-17T04:10:00+05:30  O=2364.35 H=2366.1 L=2361.2 C=2365.4  EMA9=2364.2096  EMA21=2359.4997
        ema9_vs_ema21        EMA9=2364.2096 EMA21=2359.4997 crossUp=false crossDown=false
[0051] 2026-03-17T04:15:00+05:30  O=2365.35 H=2368.4 L=2364.45 C=2365.9  EMA9=2364.5477  EMA21=2360.0815
        ema9_vs_ema21        EMA9=2364.5477 EMA21=2360.0815 crossUp=false crossDown=false
[0052] 2026-03-17T04:20:00+05:30  O=2365.55 H=2366.15 L=2357.65 C=2358.5  EMA9=2363.3381  EMA21=2359.9378
        ema9_vs_ema21        EMA9=2363.3381 EMA21=2359.9378 crossUp=false crossDown=false
[0053] 2026-03-17T04:25:00+05:30  O=2358.75 H=2359.5 L=2355.65 C=2357.2  EMA9=2362.1105  EMA21=2359.6889
        ema9_vs_ema21        EMA9=2362.1105 EMA21=2359.6889 crossUp=false crossDown=false
[0054] 2026-03-17T04:30:00+05:30  O=2356.8 H=2356.8 L=2342.35 C=2343.25  EMA9=2358.3384  EMA21=2358.1944
        ema9_vs_ema21        EMA9=2358.3384 EMA21=2358.1944 crossUp=false crossDown=false
[0055] 2026-03-17T04:35:00+05:30  O=2343.2 H=2346.85 L=2329.5 C=2332.4  EMA9=2353.1507  EMA21=2355.8495
        ema9_vs_ema21        EMA9=2353.1507 EMA21=2355.8495 crossUp=false crossDown=true
        >>> SIGNAL: SELL – EMA9 (2353.15) crossed below EMA21 (2355.85)
[0056] 2026-03-17T04:40:00+05:30  O=2331.9 H=2340.3 L=2331.75 C=2339.05  EMA9=2350.3306  EMA21=2354.3223
        ema9_vs_ema21        EMA9=2350.3306 EMA21=2354.3223 crossUp=false crossDown=false
[0057] 2026-03-17T04:45:00+05:30  O=2339.05 H=2343.8 L=2337 C=2340.95  EMA9=2348.4545  EMA21=2353.1066
        ema9_vs_ema21        EMA9=2348.4545 EMA21=2353.1066 crossUp=false crossDown=false
[0058] 2026-03-17T04:50:00+05:30  O=2340.7 H=2343.55 L=2336.6 C=2342.9  EMA9=2347.3436  EMA21=2352.1787
        ema9_vs_ema21        EMA9=2347.3436 EMA21=2352.1787 crossUp=false crossDown=false
[0059] 2026-03-17T04:55:00+05:30  O=2343 H=2351.15 L=2342.9 C=2350.75  EMA9=2348.0249  EMA21=2352.0488
        ema9_vs_ema21        EMA9=2348.0249 EMA21=2352.0488 crossUp=false crossDown=false
[0060] 2026-03-17T05:00:00+05:30  O=2350.6 H=2357.9 L=2349.45 C=2354.85  EMA9=2349.3899  EMA21=2352.3035
        ema9_vs_ema21        EMA9=2349.3899 EMA21=2352.3035 crossUp=false crossDown=false
[0061] 2026-03-17T05:05:00+05:30  O=2354.6 H=2356.7 L=2352.65 C=2354.05  EMA9=2350.3219  EMA21=2352.4623
        ema9_vs_ema21        EMA9=2350.3219 EMA21=2352.4623 crossUp=false crossDown=false
[0062] 2026-03-17T05:10:00+05:30  O=2354.5 H=2358.4 L=2353.6 C=2357.1  EMA9=2351.6775  EMA21=2352.8839
        ema9_vs_ema21        EMA9=2351.6775 EMA21=2352.8839 crossUp=false crossDown=false
[0063] 2026-03-17T05:15:00+05:30  O=2357.9 H=2361 L=2351.55 C=2353.8  EMA9=2352.1020  EMA21=2352.9672
        ema9_vs_ema21        EMA9=2352.1020 EMA21=2352.9672 crossUp=false crossDown=false
[0064] 2026-03-17T05:20:00+05:30  O=2353.7 H=2355.7 L=2346.25 C=2349.95  EMA9=2351.6716  EMA21=2352.6929
        ema9_vs_ema21        EMA9=2351.6716 EMA21=2352.6929 crossUp=false crossDown=false
[0065] 2026-03-17T05:25:00+05:30  O=2350 H=2352.25 L=2348.7 C=2352.2  EMA9=2351.7773  EMA21=2352.6481
        ema9_vs_ema21        EMA9=2351.7773 EMA21=2352.6481 crossUp=false crossDown=false
[0066] 2026-03-17T05:30:00+05:30  O=2352.2 H=2352.2 L=2339.8 C=2342.1  EMA9=2349.8418  EMA21=2351.6892
        ema9_vs_ema21        EMA9=2349.8418 EMA21=2351.6892 crossUp=false crossDown=false
[0067] 2026-03-17T05:35:00+05:30  O=2342.4 H=2352.6 L=2342.05 C=2348.1  EMA9=2349.4935  EMA21=2351.3629
        ema9_vs_ema21        EMA9=2349.4935 EMA21=2351.3629 crossUp=false crossDown=false
[0068] 2026-03-17T05:40:00+05:30  O=2348.5 H=2373.6 L=2348.5 C=2366.55  EMA9=2352.9048  EMA21=2352.7435
        ema9_vs_ema21        EMA9=2352.9048 EMA21=2352.7435 crossUp=true crossDown=false
        >>> SIGNAL: BUY – EMA9 (2352.90) crossed above EMA21 (2352.74)
[0069] 2026-03-17T05:45:00+05:30  O=2366.25 H=2376.65 L=2359.4 C=2363  EMA9=2354.9238  EMA21=2353.6759
        ema9_vs_ema21        EMA9=2354.9238 EMA21=2353.6759 crossUp=false crossDown=false
[0070] 2026-03-17T05:50:00+05:30  O=2362.7 H=2362.7 L=2345.6 C=2346.35  EMA9=2353.2091  EMA21=2353.0099
        ema9_vs_ema21        EMA9=2353.2091 EMA21=2353.0099 crossUp=false crossDown=false
[0071] 2026-03-17T05:55:00+05:30  O=2346.2 H=2353.65 L=2341.65 C=2353.45  EMA9=2353.2572  EMA21=2353.0499
        ema9_vs_ema21        EMA9=2353.2572 EMA21=2353.0499 crossUp=false crossDown=false
[0072] 2026-03-17T06:00:00+05:30  O=2353.45 H=2367.35 L=2353.45 C=2362.5  EMA9=2355.1058  EMA21=2353.9090
        ema9_vs_ema21        EMA9=2355.1058 EMA21=2353.9090 crossUp=false crossDown=false
[0073] 2026-03-17T06:05:00+05:30  O=2362.65 H=2365.35 L=2350.35 C=2351.95  EMA9=2354.4746  EMA21=2353.7309
        ema9_vs_ema21        EMA9=2354.4746 EMA21=2353.7309 crossUp=false crossDown=false
[0074] 2026-03-17T06:10:00+05:30  O=2352.05 H=2355.5 L=2348.2 C=2353  EMA9=2354.1797  EMA21=2353.6645
        ema9_vs_ema21        EMA9=2354.1797 EMA21=2353.6645 crossUp=false crossDown=false
[0075] 2026-03-17T06:15:00+05:30  O=2353.3 H=2356.65 L=2349.85 C=2349.9  EMA9=2353.3238  EMA21=2353.3223
        ema9_vs_ema21        EMA9=2353.3238 EMA21=2353.3223 crossUp=false crossDown=false
[0076] 2026-03-17T06:20:00+05:30  O=2349.8 H=2350.5 L=2345.8 C=2350  EMA9=2352.6590  EMA21=2353.0202
        ema9_vs_ema21        EMA9=2352.6590 EMA21=2353.0202 crossUp=false crossDown=true
        >>> SIGNAL: SELL – EMA9 (2352.66) crossed below EMA21 (2353.02)
[0077] 2026-03-17T06:25:00+05:30  O=2350.1 H=2357.3 L=2346.45 C=2357.05  EMA9=2353.5372  EMA21=2353.3866
        ema9_vs_ema21        EMA9=2353.5372 EMA21=2353.3866 crossUp=true crossDown=false
        >>> SIGNAL: BUY – EMA9 (2353.54) crossed above EMA21 (2353.39)
[0078] 2026-03-17T06:30:00+05:30  O=2357.05 H=2358.75 L=2346.7 C=2348.5  EMA9=2352.5298  EMA21=2352.9423
        ema9_vs_ema21        EMA9=2352.5298 EMA21=2352.9423 crossUp=false crossDown=true
        >>> SIGNAL: SELL – EMA9 (2352.53) crossed below EMA21 (2352.94)
[0079] 2026-03-17T06:35:00+05:30  O=2348.55 H=2362.1 L=2346.15 C=2358.75  EMA9=2353.7738  EMA21=2353.4703
        ema9_vs_ema21        EMA9=2353.7738 EMA21=2353.4703 crossUp=true crossDown=false
        >>> SIGNAL: BUY – EMA9 (2353.77) crossed above EMA21 (2353.47)
[0080] 2026-03-17T06:40:00+05:30  O=2358.75 H=2373.3 L=2356.95 C=2364.35  EMA9=2355.8891  EMA21=2354.4594
        ema9_vs_ema21        EMA9=2355.8891 EMA21=2354.4594 crossUp=false crossDown=false
[0081] 2026-03-17T06:45:00+05:30  O=2364.1 H=2367.8 L=2358.05 C=2365.95  EMA9=2357.9012  EMA21=2355.5040
        ema9_vs_ema21        EMA9=2357.9012 EMA21=2355.5040 crossUp=false crossDown=false
[0082] 2026-03-17T06:50:00+05:30  O=2366.3 H=2367.5 L=2356.8 C=2361.1  EMA9=2358.5410  EMA21=2356.0127
        ema9_vs_ema21        EMA9=2358.5410 EMA21=2356.0127 crossUp=false crossDown=false
[0083] 2026-03-17T06:55:00+05:30  O=2361 H=2365.35 L=2360.05 C=2364  EMA9=2359.6328  EMA21=2356.7388
        ema9_vs_ema21        EMA9=2359.6328 EMA21=2356.7388 crossUp=false crossDown=false
[0084] 2026-03-17T07:00:00+05:30  O=2364 H=2369.4 L=2358.15 C=2369.4  EMA9=2361.5862  EMA21=2357.8898
        ema9_vs_ema21        EMA9=2361.5862 EMA21=2357.8898 crossUp=false crossDown=false
[0085] 2026-03-17T07:05:00+05:30  O=2369.25 H=2374.4 L=2363.95 C=2365.45  EMA9=2362.3590  EMA21=2358.5771
        ema9_vs_ema21        EMA9=2362.3590 EMA21=2358.5771 crossUp=false crossDown=false
[0086] 2026-03-17T07:10:00+05:30  O=2365.75 H=2368.05 L=2350.45 C=2359.95  EMA9=2361.8772  EMA21=2358.7019
        ema9_vs_ema21        EMA9=2361.8772 EMA21=2358.7019 crossUp=false crossDown=false
[0087] 2026-03-17T07:15:00+05:30  O=2359.95 H=2366 L=2357.2 C=2360.05  EMA9=2361.5118  EMA21=2358.8245
        ema9_vs_ema21        EMA9=2361.5118 EMA21=2358.8245 crossUp=false crossDown=false
[0088] 2026-03-17T07:20:00+05:30  O=2359.95 H=2361.7 L=2350.6 C=2353  EMA9=2359.8094  EMA21=2358.2950
        ema9_vs_ema21        EMA9=2359.8094 EMA21=2358.2950 crossUp=false crossDown=false
[0089] 2026-03-17T07:25:00+05:30  O=2353 H=2361.1 L=2353 C=2360.35  EMA9=2359.9175  EMA21=2358.4818
        ema9_vs_ema21        EMA9=2359.9175 EMA21=2358.4818 crossUp=false crossDown=false
[0090] 2026-03-17T07:30:00+05:30  O=2360.25 H=2361.2 L=2356.6 C=2357.55  EMA9=2359.4440  EMA21=2358.3971
        ema9_vs_ema21        EMA9=2359.4440 EMA21=2358.3971 crossUp=false crossDown=false
[0091] 2026-03-17T07:35:00+05:30  O=2357 H=2357 L=2346.95 C=2349  EMA9=2357.3552  EMA21=2357.5428
        ema9_vs_ema21        EMA9=2357.3552 EMA21=2357.5428 crossUp=false crossDown=true
        >>> SIGNAL: SELL – EMA9 (2357.36) crossed below EMA21 (2357.54)
[0092] 2026-03-17T07:40:00+05:30  O=2349.15 H=2349.8 L=2344.2 C=2348.65  EMA9=2355.6142  EMA21=2356.7344
        ema9_vs_ema21        EMA9=2355.6142 EMA21=2356.7344 crossUp=false crossDown=false
[0093] 2026-03-17T07:45:00+05:30  O=2349.15 H=2349.45 L=2344 C=2344.85  EMA9=2353.4613  EMA21=2355.6540
        ema9_vs_ema21        EMA9=2353.4613 EMA21=2355.6540 crossUp=false crossDown=false
[0094] 2026-03-17T07:50:00+05:30  O=2344.85 H=2348.85 L=2344 C=2345.55  EMA9=2351.8791  EMA21=2354.7354
        ema9_vs_ema21        EMA9=2351.8791 EMA21=2354.7354 crossUp=false crossDown=false
[0095] 2026-03-17T07:55:00+05:30  O=2345.75 H=2348.25 L=2344.1 C=2347.35  EMA9=2350.9733  EMA21=2354.0640
        ema9_vs_ema21        EMA9=2350.9733 EMA21=2354.0640 crossUp=false crossDown=false
[0096] 2026-03-17T08:00:00+05:30  O=2347.35 H=2353.6 L=2345.55 C=2352.75  EMA9=2351.3286  EMA21=2353.9446
        ema9_vs_ema21        EMA9=2351.3286 EMA21=2353.9446 crossUp=false crossDown=false
[0097] 2026-03-17T08:05:00+05:30  O=2352.65 H=2359.5 L=2352.2 C=2359.4  EMA9=2352.9429  EMA21=2354.4405
        ema9_vs_ema21        EMA9=2352.9429 EMA21=2354.4405 crossUp=false crossDown=false
[0098] 2026-03-17T08:10:00+05:30  O=2359.75 H=2360.7 L=2356.5 C=2357.85  EMA9=2353.9243  EMA21=2354.7505
        ema9_vs_ema21        EMA9=2353.9243 EMA21=2354.7505 crossUp=false crossDown=false
[0099] 2026-03-17T08:15:00+05:30  O=2357.85 H=2361 L=2354.9 C=2357  EMA9=2354.5394  EMA21=2354.9550
        ema9_vs_ema21        EMA9=2354.5394 EMA21=2354.9550 crossUp=false crossDown=false
[0100] 2026-03-17T08:20:00+05:30  O=2357.25 H=2358.5 L=2355.1 C=2356.45  EMA9=2354.9216  EMA21=2355.0909
        ema9_vs_ema21        EMA9=2354.9216 EMA21=2355.0909 crossUp=false crossDown=false
[0101] 2026-03-17T08:25:00+05:30  O=2356.35 H=2356.35 L=2349.7 C=2350.4  EMA9=2354.0172  EMA21=2354.6644
        ema9_vs_ema21        EMA9=2354.0172 EMA21=2354.6644 crossUp=false crossDown=false
[0102] 2026-03-17T08:30:00+05:30  O=2350.5 H=2355.2 L=2349.6 C=2353.45  EMA9=2353.9038  EMA21=2354.5540
        ema9_vs_ema21        EMA9=2353.9038 EMA21=2354.5540 crossUp=false crossDown=false
[0103] 2026-03-17T08:35:00+05:30  O=2353.25 H=2353.25 L=2348.65 C=2348.7  EMA9=2352.8630  EMA21=2354.0219
        ema9_vs_ema21        EMA9=2352.8630 EMA21=2354.0219 crossUp=false crossDown=false
[0104] 2026-03-17T08:40:00+05:30  O=2348.6 H=2348.8 L=2340.85 C=2341.95  EMA9=2350.6804  EMA21=2352.9244
        ema9_vs_ema21        EMA9=2350.6804 EMA21=2352.9244 crossUp=false crossDown=false
[0105] 2026-03-17T08:45:00+05:30  O=2341.85 H=2343.7 L=2339.25 C=2343.4  EMA9=2349.2243  EMA21=2352.0586
        ema9_vs_ema21        EMA9=2349.2243 EMA21=2352.0586 crossUp=false crossDown=false
[0106] 2026-03-17T08:50:00+05:30  O=2343.45 H=2343.9 L=2334.1 C=2335.45  EMA9=2346.4695  EMA21=2350.5487
        ema9_vs_ema21        EMA9=2346.4695 EMA21=2350.5487 crossUp=false crossDown=false
[0107] 2026-03-17T08:55:00+05:30  O=2335.4 H=2339.1 L=2333 C=2335.9  EMA9=2344.3556  EMA21=2349.2170
        ema9_vs_ema21        EMA9=2344.3556 EMA21=2349.2170 crossUp=false crossDown=false
[0108] 2026-03-17T09:00:00+05:30  O=2335.9 H=2336 L=2321.45 C=2323.75  EMA9=2340.2345  EMA21=2346.9018
        ema9_vs_ema21        EMA9=2340.2345 EMA21=2346.9018 crossUp=false crossDown=false
[0109] 2026-03-17T09:05:00+05:30  O=2324 H=2325.5 L=2316.8 C=2323.3  EMA9=2336.8476  EMA21=2344.7562
        ema9_vs_ema21        EMA9=2336.8476 EMA21=2344.7562 crossUp=false crossDown=false
[0110] 2026-03-17T09:10:00+05:30  O=2323.25 H=2323.25 L=2313.7 C=2316.05  EMA9=2332.6881  EMA21=2342.1465
        ema9_vs_ema21        EMA9=2332.6881 EMA21=2342.1465 crossUp=false crossDown=false
[0111] 2026-03-17T09:15:00+05:30  O=2315.95 H=2316.1 L=2308.75 C=2310.4  EMA9=2328.2304  EMA21=2339.2605
        ema9_vs_ema21        EMA9=2328.2304 EMA21=2339.2605 crossUp=false crossDown=false
[0112] 2026-03-17T09:20:00+05:30  O=2310.4 H=2318 L=2307.3 C=2312.5  EMA9=2325.0844  EMA21=2336.8277
        ema9_vs_ema21        EMA9=2325.0844 EMA21=2336.8277 crossUp=false crossDown=false
[0113] 2026-03-17T09:25:00+05:30  O=2312.5 H=2320.55 L=2310.45 C=2319.65  EMA9=2323.9975  EMA21=2335.2661
        ema9_vs_ema21        EMA9=2323.9975 EMA21=2335.2661 crossUp=false crossDown=false
[0114] 2026-03-17T09:30:00+05:30  O=2319.65 H=2325.9 L=2318 C=2323  EMA9=2323.7980  EMA21=2334.1510
        ema9_vs_ema21        EMA9=2323.7980 EMA21=2334.1510 crossUp=false crossDown=false
[0115] 2026-03-17T09:35:00+05:30  O=2322.7 H=2327.1 L=2321.5 C=2327.1  EMA9=2324.4584  EMA21=2333.5100
        ema9_vs_ema21        EMA9=2324.4584 EMA21=2333.5100 crossUp=false crossDown=false
[0116] 2026-03-17T09:40:00+05:30  O=2327.1 H=2329.5 L=2322.9 C=2327.05  EMA9=2324.9767  EMA21=2332.9227
        ema9_vs_ema21        EMA9=2324.9767 EMA21=2332.9227 crossUp=false crossDown=false
[0117] 2026-03-17T09:45:00+05:30  O=2327.3 H=2327.7 L=2316.8 C=2319.1  EMA9=2323.8014  EMA21=2331.6661
        ema9_vs_ema21        EMA9=2323.8014 EMA21=2331.6661 crossUp=false crossDown=false
[0118] 2026-03-17T09:50:00+05:30  O=2319 H=2320.4 L=2308.2 C=2310.5  EMA9=2321.1411  EMA21=2329.7419
        ema9_vs_ema21        EMA9=2321.1411 EMA21=2329.7419 crossUp=false crossDown=false
[0119] 2026-03-17T09:55:00+05:30  O=2310.4 H=2315.3 L=2308.85 C=2312.35  EMA9=2319.3829  EMA21=2328.1608
        ema9_vs_ema21        EMA9=2319.3829 EMA21=2328.1608 crossUp=false crossDown=false
[0120] 2026-03-17T10:00:00+05:30  O=2312.35 H=2316.15 L=2304.2 C=2309.25  EMA9=2317.3563  EMA21=2326.4417
        ema9_vs_ema21        EMA9=2317.3563 EMA21=2326.4417 crossUp=false crossDown=false
[0121] 2026-03-17T10:05:00+05:30  O=2309.25 H=2314 L=2300.4 C=2303.35  EMA9=2314.5550  EMA21=2324.3424
        ema9_vs_ema21        EMA9=2314.5550 EMA21=2324.3424 crossUp=false crossDown=false
[0122] 2026-03-17T10:10:00+05:30  O=2303.25 H=2308.45 L=2294 C=2304.3  EMA9=2312.5040  EMA21=2322.5204
        ema9_vs_ema21        EMA9=2312.5040 EMA21=2322.5204 crossUp=false crossDown=false
[0123] 2026-03-17T10:15:00+05:30  O=2304.2 H=2310 L=2303.7 C=2309.9  EMA9=2311.9832  EMA21=2321.3731
        ema9_vs_ema21        EMA9=2311.9832 EMA21=2321.3731 crossUp=false crossDown=false
[0124] 2026-03-17T10:20:00+05:30  O=2309.9 H=2312.85 L=2309 C=2310.5  EMA9=2311.6866  EMA21=2320.3846
        ema9_vs_ema21        EMA9=2311.6866 EMA21=2320.3846 crossUp=false crossDown=false
[0125] 2026-03-17T10:25:00+05:30  O=2311 H=2313 L=2309.05 C=2310.7  EMA9=2311.4893  EMA21=2319.5042
        ema9_vs_ema21        EMA9=2311.4893 EMA21=2319.5042 crossUp=false crossDown=false
[0126] 2026-03-17T10:30:00+05:30  O=2309.65 H=2311.45 L=2304.8 C=2311.3  EMA9=2311.4514  EMA21=2318.7584
        ema9_vs_ema21        EMA9=2311.4514 EMA21=2318.7584 crossUp=false crossDown=false
[0127] 2026-03-17T10:35:00+05:30  O=2311.2 H=2315.9 L=2310.7 C=2310.7  EMA9=2311.3011  EMA21=2318.0258
        ema9_vs_ema21        EMA9=2311.3011 EMA21=2318.0258 crossUp=false crossDown=false
[0128] 2026-03-17T10:40:00+05:30  O=2310.8 H=2314.85 L=2310.05 C=2312.1  EMA9=2311.4609  EMA21=2317.4871
        ema9_vs_ema21        EMA9=2311.4609 EMA21=2317.4871 crossUp=false crossDown=false
[0129] 2026-03-17T10:45:00+05:30  O=2312.1 H=2317.25 L=2312 C=2313.05  EMA9=2311.7787  EMA21=2317.0837
        ema9_vs_ema21        EMA9=2311.7787 EMA21=2317.0837 crossUp=false crossDown=false
[0130] 2026-03-17T10:50:00+05:30  O=2313 H=2314.85 L=2309.5 C=2314.35  EMA9=2312.2930  EMA21=2316.8352
        ema9_vs_ema21        EMA9=2312.2930 EMA21=2316.8352 crossUp=false crossDown=false
[0131] 2026-03-17T10:55:00+05:30  O=2315 H=2317.9 L=2314.2 C=2315.35  EMA9=2312.9044  EMA21=2316.7002
        ema9_vs_ema21        EMA9=2312.9044 EMA21=2316.7002 crossUp=false crossDown=false
[0132] 2026-03-17T11:00:00+05:30  O=2315.35 H=2317.65 L=2312.2 C=2313.1  EMA9=2312.9435  EMA21=2316.3729
        ema9_vs_ema21        EMA9=2312.9435 EMA21=2316.3729 crossUp=false crossDown=false
[0133] 2026-03-17T11:05:00+05:30  O=2313.2 H=2313.8 L=2305.4 C=2307.4  EMA9=2311.8348  EMA21=2315.5572
        ema9_vs_ema21        EMA9=2311.8348 EMA21=2315.5572 crossUp=false crossDown=false
[0134] 2026-03-17T11:10:00+05:30  O=2307.6 H=2308.55 L=2307 C=2308.55  EMA9=2311.1778  EMA21=2314.9202
        ema9_vs_ema21        EMA9=2311.1778 EMA21=2314.9202 crossUp=false crossDown=false

--- SCAN END  totalCandles=135  signals=8  at=2026-03-17T11:11:39+05:30 ---
